# JRE version: Java(TM) SE Runtime Environment (8.0_101-b13) (build 1.8.0_101-b13)
# Java VM: Java HotSpot(TM) 64-Bit Server VM (25.101-b13 mixed mode bsd-amd64 compressed oops)
Heap:
 PSYoungGen      total 257024K, used 228143K [0x00000007aab00000, 0x00000007c0000000, 0x00000007c0000000)
  eden space 175104K, 100% used [0x00000007aab00000,0x00000007b5600000,0x00000007b5600000)
  from space 81920K, 64% used [0x00000007bab80000,0x00000007bdf4bcc0,0x00000007bfb80000)
  to   space 87040K, 0% used [0x00000007b5600000,0x00000007b5600000,0x00000007bab00000)
 ParOldGen       total 209920K, used 194327K [0x0000000780000000, 0x000000078cd00000, 0x00000007aab00000)
  object space 209920K, 92% used [0x0000000780000000,0x000000078bdc5fb8,0x000000078cd00000)
 Metaspace       used 74405K, capacity 77798K, committed 77912K, reserved 1118208K
  class space    used 9564K, capacity 10109K, committed 10112K, reserved 1048576K
GC Heap History (10 events):
Event: 3138.364 GC heap after
Heap after GC invocations=48 (full 10):
 PSYoungGen      total 241152K, used 59378K [0x00000007aab00000, 0x00000007c0000000, 0x00000007c0000000)
  eden space 181760K, 0% used [0x00000007aab00000,0x00000007aab00000,0x00000007b5c80000)
  from space 59392K, 99% used [0x00000007bac80000,0x00000007be67ca78,0x00000007be680000)
  to   space 81920K, 0% used [0x00000007b5c80000,0x00000007b5c80000,0x00000007bac80000)
 ParOldGen       total 146944K, used 72540K [0x0000000780000000, 0x0000000788f80000, 0x00000007aab00000)
  object space 146944K, 49% used [0x0000000780000000,0x00000007846d7040,0x0000000788f80000)
 Metaspace       used 72977K, capacity 76252K, committed 76504K, reserved 1116160K
  class space    used 9330K, capacity 9874K, committed 9984K, reserved 1048576K
}
Event: 3138.466 GC heap before
{Heap before GC invocations=49 (full 10):
 PSYoungGen      total 241152K, used 240468K [0x00000007aab00000, 0x00000007c0000000, 0x00000007c0000000)
  eden space 181760K, 99% used [0x00000007aab00000,0x00000007b5bd8638,0x00000007b5c80000)
  from space 59392K, 99% used [0x00000007bac80000,0x00000007be67ca78,0x00000007be680000)
  to   space 81920K, 0% used [0x00000007b5c80000,0x00000007b5c80000,0x00000007bac80000)
 ParOldGen       total 146944K, used 72540K [0x0000000780000000, 0x0000000788f80000, 0x00000007aab00000)
  object space 146944K, 49% used [0x0000000780000000,0x00000007846d7040,0x0000000788f80000)
 Metaspace       used 72989K, capacity 76318K, committed 76504K, reserved 1116160K
  class space    used 9331K, capacity 9875K, committed 9984K, reserved 1048576K
Event: 3138.514 GC heap after
Heap after GC invocations=49 (full 10):
 PSYoungGen      total 263680K, used 49246K [0x00000007aab00000, 0x00000007c0000000, 0x00000007c0000000)
  eden space 181760K, 0% used [0x00000007aab00000,0x00000007aab00000,0x00000007b5c80000)
  from space 81920K, 60% used [0x00000007b5c80000,0x00000007b8c97b48,0x00000007bac80000)
  to   space 84480K, 0% used [0x00000007bad80000,0x00000007bad80000,0x00000007c0000000)
 ParOldGen       total 146944K, used 78803K [0x0000000780000000, 0x0000000788f80000, 0x00000007aab00000)
  object space 146944K, 53% used [0x0000000780000000,0x0000000784cf4d88,0x0000000788f80000)
 Metaspace       used 72989K, capacity 76318K, committed 76504K, reserved 1116160K
  class space    used 9331K, capacity 9875K, committed 9984K, reserved 1048576K
}
Event: 3138.985 GC heap before
{Heap before GC invocations=50 (full 10):
 PSYoungGen      total 263680K, used 230974K [0x00000007aab00000, 0x00000007c0000000, 0x00000007c0000000)
  eden space 181760K, 99% used [0x00000007aab00000,0x00000007b5c77f48,0x00000007b5c80000)
  from space 81920K, 60% used [0x00000007b5c80000,0x00000007b8c97b48,0x00000007bac80000)
  to   space 84480K, 0% used [0x00000007bad80000,0x00000007bad80000,0x00000007c0000000)
 ParOldGen       total 146944K, used 78803K [0x0000000780000000, 0x0000000788f80000, 0x00000007aab00000)
  object space 146944K, 53% used [0x0000000780000000,0x0000000784cf4d88,0x0000000788f80000)
 Metaspace       used 72990K, capacity 76318K, committed 76504K, reserved 1116160K
  class space    used 9331K, capacity 9875K, committed 9984K, reserved 1048576K
Event: 3139.063 GC heap after
Heap after GC invocations=50 (full 10):
 PSYoungGen      total 265216K, used 192K [0x00000007aab00000, 0x00000007c0000000, 0x00000007c0000000)
  eden space 180736K, 0% used [0x00000007aab00000,0x00000007aab00000,0x00000007b5b80000)
  from space 84480K, 0% used [0x00000007bad80000,0x00000007badb0000,0x00000007c0000000)
  to   space 83968K, 0% used [0x00000007b5b80000,0x00000007b5b80000,0x00000007bad80000)
 ParOldGen       total 146944K, used 98522K [0x0000000780000000, 0x0000000788f80000, 0x00000007aab00000)
  object space 146944K, 67% used [0x0000000780000000,0x0000000786036bc0,0x0000000788f80000)
 Metaspace       used 72990K, capacity 76318K, committed 76504K, reserved 1116160K
  class space    used 9331K, capacity 9875K, committed 9984K, reserved 1048576K
}
Event: 3162.775 GC heap before
{Heap before GC invocations=51 (full 10):
 PSYoungGen      total 265216K, used 180928K [0x00000007aab00000, 0x00000007c0000000, 0x00000007c0000000)
  eden space 180736K, 100% used [0x00000007aab00000,0x00000007b5b80000,0x00000007b5b80000)
  from space 84480K, 0% used [0x00000007bad80000,0x00000007badb0000,0x00000007c0000000)
  to   space 83968K, 0% used [0x00000007b5b80000,0x00000007b5b80000,0x00000007bad80000)
 ParOldGen       total 146944K, used 98522K [0x0000000780000000, 0x0000000788f80000, 0x00000007aab00000)
  object space 146944K, 67% used [0x0000000780000000,0x0000000786036bc0,0x0000000788f80000)
 Metaspace       used 74313K, capacity 77726K, committed 77912K, reserved 1118208K
  class space    used 9564K, capacity 10109K, committed 10112K, reserved 1048576K
Event: 3162.796 GC heap after
Heap after GC invocations=51 (full 10):
 PSYoungGen      total 185856K, used 4643K [0x00000007aab00000, 0x00000007bfb80000, 0x00000007c0000000)
  eden space 180736K, 0% used [0x00000007aab00000,0x00000007aab00000,0x00000007b5b80000)
  from space 5120K, 90% used [0x00000007b5b80000,0x00000007b6008d78,0x00000007b6080000)
  to   space 81920K, 0% used [0x00000007bab80000,0x00000007bab80000,0x00000007bfb80000)
 ParOldGen       total 146944K, used 98594K [0x0000000780000000, 0x0000000788f80000, 0x00000007aab00000)
  object space 146944K, 67% used [0x0000000780000000,0x0000000786048bc0,0x0000000788f80000)
 Metaspace       used 74313K, capacity 77726K, committed 77912K, reserved 1118208K
  class space    used 9564K, capacity 10109K, committed 10112K, reserved 1048576K
}
Event: 3249.709 GC heap before
{Heap before GC invocations=52 (full 10):
 PSYoungGen      total 185856K, used 184572K [0x00000007aab00000, 0x00000007bfb80000, 0x00000007c0000000)
  eden space 180736K, 99% used [0x00000007aab00000,0x00000007b5ab6310,0x00000007b5b80000)
  from space 5120K, 90% used [0x00000007b5b80000,0x00000007b6008d78,0x00000007b6080000)
  to   space 81920K, 0% used [0x00000007bab80000,0x00000007bab80000,0x00000007bfb80000)
 ParOldGen       total 146944K, used 100642K [0x0000000780000000, 0x0000000788f80000, 0x00000007aab00000)
  object space 146944K, 68% used [0x0000000780000000,0x0000000786248bd0,0x0000000788f80000)
 Metaspace       used 74372K, capacity 77726K, committed 77912K, reserved 1118208K
  class space    used 9564K, capacity 10109K, committed 10112K, reserved 1048576K
Event: 3249.793 GC heap after
Heap after GC invocations=52 (full 10):
 PSYoungGen      total 257024K, used 53039K [0x00000007aab00000, 0x00000007c0000000, 0x00000007c0000000)
  eden space 175104K, 0% used [0x00000007aab00000,0x00000007aab00000,0x00000007b5600000)
  from space 81920K, 64% used [0x00000007bab80000,0x00000007bdf4bcc0,0x00000007bfb80000)
  to   space 87040K, 0% used [0x00000007b5600000,0x00000007b5600000,0x00000007bab00000)
 ParOldGen       total 146944K, used 101414K [0x0000000780000000, 0x0000000788f80000, 0x00000007aab00000)
  object space 146944K, 69% used [0x0000000780000000,0x0000000786309bc0,0x0000000788f80000)
 Metaspace       used 74372K, capacity 77726K, committed 77912K, reserved 1118208K
  class space    used 9564K, capacity 10109K, committed 10112K, reserved 1048576K
}
Event: 3250.906 GC heap before
{Heap before GC invocations=53 (full 11):
 PSYoungGen      total 257024K, used 228143K [0x00000007aab00000, 0x00000007c0000000, 0x00000007c0000000)
  eden space 175104K, 100% used [0x00000007aab00000,0x00000007b5600000,0x00000007b5600000)
  from space 81920K, 64% used [0x00000007bab80000,0x00000007bdf4bcc0,0x00000007bfb80000)
  to   space 87040K, 0% used [0x00000007b5600000,0x00000007b5600000,0x00000007bab00000)
 ParOldGen       total 209920K, used 194327K [0x0000000780000000, 0x000000078cd00000, 0x00000007aab00000)
  object space 209920K, 92% used [0x0000000780000000,0x000000078bdc5fb8,0x000000078cd00000)
 Metaspace       used 74405K, capacity 77798K, committed 77912K, reserved 1118208K
  class space    used 9564K, capacity 10109K, committed 10112K, reserved 1048576K

